#
# There is insufficient memory for the Java Runtime Environment to continue.
# Native memory allocation (malloc) failed to allocate 1999552 bytes. Error detail: Chunk::new
# Possible reasons:
#   The system is out of physical RAM or swap space
#   This process is running with CompressedOops enabled, and the Java Heap may be blocking the growth of the native heap
# Possible solutions:
#   Reduce memory load on the system
#   Increase physical memory or swap space
#   Check if swap backing store is full
#   Decrease Java heap size (-Xmx/-Xms)
#   Decrease number of Java threads
#   Decrease Java thread stack sizes (-Xss)
#   Set larger code cache with -XX:ReservedCodeCacheSize=
#   JVM is running with Unscaled Compressed Oops mode in which the Java heap is
#     placed in the first 4GB address space. The Java Heap base address is the
#     maximum limit for the native heap growth. Please use -XX:HeapBaseMinAddress
#     to set the Java Heap base and to place the Java Heap above 4GB virtual address.
# This output file may be truncated or incomplete.
#
#  Out of Memory Error (arena.cpp:168), pid=7368, tid=26140
#
# JRE version: OpenJDK Runtime Environment Temurin-21.0.6+7 (21.0.6+7) (build 21.0.6+7-LTS)
# Java VM: OpenJDK 64-Bit Server VM Temurin-21.0.6+7 (21.0.6+7-LTS, mixed mode, sharing, tiered, compressed oops, compressed class ptrs, parallel gc, windows-amd64)
# No core dump will be written. Minidumps are not enabled by default on client versions of Windows
#

---------------  S U M M A R Y ------------

Command Line: --add-modules=ALL-SYSTEM --add-opens=java.base/java.util=ALL-UNNAMED --add-opens=java.base/java.lang=ALL-UNNAMED --add-opens=java.base/sun.nio.fs=ALL-UNNAMED -Declipse.application=org.eclipse.jdt.ls.core.id1 -Dosgi.bundles.defaultStartLevel=4 -Declipse.product=org.eclipse.jdt.ls.core.product -Djava.import.generatesMetadataFilesAtProjectRoot=false -DDetectVMInstallationsJob.disabled=true -Dfile.encoding=utf8 -XX:+UseParallelGC -XX:GCTimeRatio=4 -XX:AdaptiveSizePolicyWeight=90 -Dsun.zip.disableMemoryMapping=true -Xmx2G -Xms100m -Xlog:disable -javaagent:c:\Users\phama\.vscode\extensions\redhat.java-1.43.1-win32-x64\lombok\lombok-1.18.39-4050.jar -XX:+HeapDumpOnOutOfMemoryError -XX:HeapDumpPath=c:\Users\phama\AppData\Roaming\Code\User\workspaceStorage\63bd7f9b6fb32085f1115379c9f9dc11\redhat.java -Daether.dependencyCollector.impl=bf c:\Users\phama\.vscode\extensions\redhat.java-1.43.1-win32-x64\server\plugins\org.eclipse.equinox.launcher_1.7.0.v20250519-0528.jar -configuration c:\Users\phama\AppData\Roaming\Code\User\globalStorage\redhat.java\1.43.1\config_win -data c:\Users\phama\AppData\Roaming\Code\User\workspaceStorage\63bd7f9b6fb32085f1115379c9f9dc11\redhat.java\jdt_ws --pipe=\\.\pipe\lsp-66c726ac3f3a7df2a1ddc9af398e5f28-sock

Host: 13th Gen Intel(R) Core(TM) i5-13500H, 16 cores, 15G,  Windows 11 , 64 bit Build 22621 (10.0.22621.5415)
Time: Fri Jul 25 23:40:55 2025 SE Asia Standard Time elapsed time: 9431.610357 seconds (0d 2h 37m 11s)

---------------  T H R E A D  ---------------

Current thread (0x00000229ff34e5f0):  JavaThread "C2 CompilerThread1" daemon [_thread_in_native, id=26140, stack(0x0000002fd2c00000,0x0000002fd2d00000) (1024K)]


Current CompileTask:
C2:9431610 21426   !   4       lombok.eclipse.TransformEclipseAST::getAST (64 bytes)

Stack: [0x0000002fd2c00000,0x0000002fd2d00000]
Native frames: (J=compiled Java code, j=interpreted, Vv=VM code, C=native code)
V  [jvm.dll+0x6cdee9]
V  [jvm.dll+0x8a83d1]
V  [jvm.dll+0x8aa8fe]
V  [jvm.dll+0x8aafe3]
V  [jvm.dll+0x27f706]
V  [jvm.dll+0xc500d]
V  [jvm.dll+0xc5543]
V  [jvm.dll+0x3b678c]
V  [jvm.dll+0x1e0009]
V  [jvm.dll+0x247b42]
V  [jvm.dll+0x246fcf]
V  [jvm.dll+0x1c75ee]
V  [jvm.dll+0x25685a]
V  [jvm.dll+0x254dfa]
V  [jvm.dll+0x3f0256]
V  [jvm.dll+0x851f8b]
V  [jvm.dll+0x6cc5ed]
C  [ucrtbase.dll+0x29333]
C  [KERNEL32.DLL+0x1259d]
C  [ntdll.dll+0x5af78]


---------------  P R O C E S S  ---------------

Threads class SMR info:
_java_thread_list=0x00000229c54d7350, length=54, elements={
0x00000229d968a2b0, 0x00000229f78de8b0, 0x00000229f8e878d0, 0x00000229f8e8da00,
0x00000229f8e8edf0, 0x00000229f8e90e90, 0x00000229f8e97380, 0x00000229f8e983e0,
0x00000229f8ea9a40, 0x00000229f8ff7560, 0x00000229f8ff7bf0, 0x00000229f8ff8280,
0x00000229f8ff5b20, 0x00000229f8ff6ed0, 0x00000229f8ff8910, 0x00000229f8ff6840,
0x00000229f8ff8fa0, 0x00000229ff4e2650, 0x00000229ff4deb40, 0x00000229ff4dfef0,
0x00000229ff4df860, 0x00000229ff4e0c10, 0x00000229ff4dbd50, 0x00000229ff4dca70,
0x00000229ff4e12a0, 0x00000229ff4dd790, 0x00000229ff4e1930, 0x00000229ff4e1fc0,
0x00000229ff4e3370, 0x00000229ff4dde20, 0x00000229ff4dc3e0, 0x00000229ff4de4b0,
0x00000229c2f9ce10, 0x00000229c2f9db30, 0x00000229c2f98c70, 0x00000229c2f9a6b0,
0x00000229c2f9e1c0, 0x00000229c2f9c0f0, 0x00000229c2f9d4a0, 0x00000229c2f99990,
0x00000229c42fc230, 0x00000229c42fae80, 0x00000229c42fcf50, 0x00000229c42fdc70,
0x00000229c42fe300, 0x00000229c42fb510, 0x00000229c42ff6b0, 0x00000229ff34e5f0,
0x00000229ff34cab0, 0x00000229c42fe990, 0x00000229c42ff020, 0x00000229c42ffd40,
0x00000229ff34af70, 0x00000229c4300a60
}

Java Threads: ( => current thread )
  0x00000229d968a2b0 JavaThread "main"                              [_thread_blocked, id=18576, stack(0x0000002fd0900000,0x0000002fd0a00000) (1024K)]
  0x00000229f78de8b0 JavaThread "Reference Handler"          daemon [_thread_blocked, id=7556, stack(0x0000002fd0d00000,0x0000002fd0e00000) (1024K)]
  0x00000229f8e878d0 JavaThread "Finalizer"                  daemon [_thread_blocked, id=10212, stack(0x0000002fd0e00000,0x0000002fd0f00000) (1024K)]
  0x00000229f8e8da00 JavaThread "Signal Dispatcher"          daemon [_thread_blocked, id=10636, stack(0x0000002fd0f00000,0x0000002fd1000000) (1024K)]
  0x00000229f8e8edf0 JavaThread "Attach Listener"            daemon [_thread_blocked, id=4972, stack(0x0000002fd1000000,0x0000002fd1100000) (1024K)]
  0x00000229f8e90e90 JavaThread "Service Thread"             daemon [_thread_blocked, id=6468, stack(0x0000002fd1100000,0x0000002fd1200000) (1024K)]
  0x00000229f8e97380 JavaThread "Monitor Deflation Thread"   daemon [_thread_blocked, id=12104, stack(0x0000002fd1200000,0x0000002fd1300000) (1024K)]
  0x00000229f8e983e0 JavaThread "C2 CompilerThread0"         daemon [_thread_blocked, id=13732, stack(0x0000002fd1300000,0x0000002fd1400000) (1024K)]
  0x00000229f8ea9a40 JavaThread "C1 CompilerThread0"         daemon [_thread_blocked, id=18904, stack(0x0000002fd1400000,0x0000002fd1500000) (1024K)]
  0x00000229f8ff7560 JavaThread "Common-Cleaner"             daemon [_thread_blocked, id=6424, stack(0x0000002fd1600000,0x0000002fd1700000) (1024K)]
  0x00000229f8ff7bf0 JavaThread "Notification Thread"        daemon [_thread_blocked, id=17880, stack(0x0000002fd1a00000,0x0000002fd1b00000) (1024K)]
  0x00000229f8ff8280 JavaThread "Active Thread: Equinox Container: 7ac72cc8-5863-4f5b-95b8-fda94f3211c4"        [_thread_blocked, id=4992, stack(0x0000002fd2300000,0x0000002fd2400000) (1024K)]
  0x00000229f8ff5b20 JavaThread "Refresh Thread: Equinox Container: 7ac72cc8-5863-4f5b-95b8-fda94f3211c4" daemon [_thread_blocked, id=12348, stack(0x0000002fd2500000,0x0000002fd2600000) (1024K)]
  0x00000229f8ff6ed0 JavaThread "Framework Event Dispatcher: Equinox Container: 7ac72cc8-5863-4f5b-95b8-fda94f3211c4" daemon [_thread_blocked, id=7908, stack(0x0000002fd2600000,0x0000002fd2700000) (1024K)]
  0x00000229f8ff8910 JavaThread "Start Level: Equinox Container: 7ac72cc8-5863-4f5b-95b8-fda94f3211c4" daemon [_thread_blocked, id=8284, stack(0x0000002fd2700000,0x0000002fd2800000) (1024K)]
  0x00000229f8ff6840 JavaThread "Bundle File Closer"         daemon [_thread_blocked, id=21076, stack(0x0000002fd2b00000,0x0000002fd2c00000) (1024K)]
  0x00000229f8ff8fa0 JavaThread "SCR Component Actor"        daemon [_thread_blocked, id=2572, stack(0x0000002fd1800000,0x0000002fd1900000) (1024K)]
  0x00000229ff4e2650 JavaThread "Worker-JM"                         [_thread_blocked, id=14604, stack(0x0000002fd2e00000,0x0000002fd2f00000) (1024K)]
  0x00000229ff4deb40 JavaThread "JNA Cleaner"                daemon [_thread_blocked, id=4352, stack(0x0000002fd3000000,0x0000002fd3100000) (1024K)]
  0x00000229ff4dfef0 JavaThread "Java indexing"              daemon [_thread_blocked, id=12380, stack(0x0000002fd3400000,0x0000002fd3500000) (1024K)]
  0x00000229ff4df860 JavaThread "Thread-2"                   daemon [_thread_in_native, id=20544, stack(0x0000002fd3700000,0x0000002fd3800000) (1024K)]
  0x00000229ff4e0c10 JavaThread "Thread-3"                   daemon [_thread_in_native, id=18080, stack(0x0000002fd3800000,0x0000002fd3900000) (1024K)]
  0x00000229ff4dbd50 JavaThread "Thread-4"                   daemon [_thread_in_native, id=15596, stack(0x0000002fd3900000,0x0000002fd3a00000) (1024K)]
  0x00000229ff4dca70 JavaThread "Thread-5"                   daemon [_thread_in_native, id=7408, stack(0x0000002fd3a00000,0x0000002fd3b00000) (1024K)]
  0x00000229ff4e12a0 JavaThread "Thread-6"                   daemon [_thread_in_native, id=21316, stack(0x0000002fd3b00000,0x0000002fd3c00000) (1024K)]
  0x00000229ff4dd790 JavaThread "Thread-7"                   daemon [_thread_in_native, id=2928, stack(0x0000002fd3c00000,0x0000002fd3d00000) (1024K)]
  0x00000229ff4e1930 JavaThread "Thread-8"                   daemon [_thread_in_native, id=11404, stack(0x0000002fd3d00000,0x0000002fd3e00000) (1024K)]
  0x00000229ff4e1fc0 JavaThread "Thread-9"                   daemon [_thread_in_native, id=17640, stack(0x0000002fd3e00000,0x0000002fd3f00000) (1024K)]
  0x00000229ff4e3370 JavaThread "Thread-10"                  daemon [_thread_in_native, id=10496, stack(0x0000002fd3f00000,0x0000002fd4000000) (1024K)]
  0x00000229ff4dde20 JavaThread "Thread-11"                  daemon [_thread_in_native, id=20980, stack(0x0000002fd4000000,0x0000002fd4100000) (1024K)]
  0x00000229ff4dc3e0 JavaThread "Thread-12"                  daemon [_thread_in_native, id=18928, stack(0x0000002fd4100000,0x0000002fd4200000) (1024K)]
  0x00000229ff4de4b0 JavaThread "Thread-13"                  daemon [_thread_in_native, id=19288, stack(0x0000002fd4200000,0x0000002fd4300000) (1024K)]
  0x00000229c2f9ce10 JavaThread "Thread-14"                  daemon [_thread_in_native, id=19068, stack(0x0000002fd4300000,0x0000002fd4400000) (1024K)]
  0x00000229c2f9db30 JavaThread "Thread-15"                  daemon [_thread_in_native, id=5288, stack(0x0000002fd4400000,0x0000002fd4500000) (1024K)]
  0x00000229c2f98c70 JavaThread "Thread-16"                  daemon [_thread_in_native, id=17000, stack(0x0000002fd4500000,0x0000002fd4600000) (1024K)]
  0x00000229c2f9a6b0 JavaThread "Thread-17"                  daemon [_thread_in_native, id=2376, stack(0x0000002fd4600000,0x0000002fd4700000) (1024K)]
  0x00000229c2f9e1c0 JavaThread "Thread-18"                  daemon [_thread_in_native, id=22048, stack(0x0000002fd4700000,0x0000002fd4800000) (1024K)]
  0x00000229c2f9c0f0 JavaThread "pool-2-thread-1"                   [_thread_blocked, id=5088, stack(0x0000002fd4800000,0x0000002fd4900000) (1024K)]
  0x00000229c2f9d4a0 JavaThread "WorkspaceEventsHandler"            [_thread_blocked, id=2380, stack(0x0000002fd4a00000,0x0000002fd4b00000) (1024K)]
  0x00000229c2f99990 JavaThread "pool-1-thread-1"                   [_thread_blocked, id=9972, stack(0x0000002fd4b00000,0x0000002fd4c00000) (1024K)]
  0x00000229c42fc230 JavaThread "Worker-21"                         [_thread_blocked, id=23160, stack(0x0000002fd2d00000,0x0000002fd2e00000) (1024K)]
  0x00000229c42fae80 JavaThread "Worker-22"                         [_thread_blocked, id=13004, stack(0x0000002fd0600000,0x0000002fd0700000) (1024K)]
  0x00000229c42fcf50 JavaThread "ForkJoinPool.commonPool-worker-19" daemon [_thread_blocked, id=8260, stack(0x0000002fd0700000,0x0000002fd0800000) (1024K)]
  0x00000229c42fdc70 JavaThread "ForkJoinPool.commonPool-worker-20" daemon [_thread_blocked, id=13984, stack(0x0000002fd0800000,0x0000002fd0900000) (1024K)]
  0x00000229c42fe300 JavaThread "ForkJoinPool.commonPool-worker-21" daemon [_thread_blocked, id=26572, stack(0x0000002fd1500000,0x0000002fd1600000) (1024K)]
  0x00000229c42fb510 JavaThread "ForkJoinPool.commonPool-worker-22" daemon [_thread_blocked, id=24324, stack(0x0000002fd1700000,0x0000002fd1800000) (1024K)]
  0x00000229c42ff6b0 JavaThread "ForkJoinPool.commonPool-worker-23" daemon [_thread_blocked, id=4744, stack(0x0000002fd1b00000,0x0000002fd1c00000) (1024K)]
=>0x00000229ff34e5f0 JavaThread "C2 CompilerThread1"         daemon [_thread_in_native, id=26140, stack(0x0000002fd2c00000,0x0000002fd2d00000) (1024K)]
  0x00000229ff34cab0 JavaThread "C2 CompilerThread2"         daemon [_thread_blocked, id=25484, stack(0x0000002fd3100000,0x0000002fd3200000) (1024K)]
  0x00000229c42fe990 JavaThread "ForkJoinPool.commonPool-worker-24" daemon [_thread_blocked, id=24176, stack(0x0000002fd3300000,0x0000002fd3400000) (1024K)]
  0x00000229c42ff020 JavaThread "ForkJoinPool.commonPool-worker-25" daemon [_thread_blocked, id=25240, stack(0x0000002fd1900000,0x0000002fd1a00000) (1024K)]
  0x00000229c42ffd40 JavaThread "ForkJoinPool.commonPool-worker-26" daemon [_thread_blocked, id=11748, stack(0x0000002fd3500000,0x0000002fd3600000) (1024K)]
  0x00000229ff34af70 JavaThread "C1 CompilerThread1"         daemon [_thread_blocked, id=20296, stack(0x0000002fd3600000,0x0000002fd3700000) (1024K)]
  0x00000229c4300a60 JavaThread "Cleaner-0"                  daemon [_thread_blocked, id=21360, stack(0x0000002fd4c00000,0x0000002fd4d00000) (1024K)]
Total: 54

Other Threads:
  0x00000229dba0eb90 VMThread "VM Thread"                           [id=20056, stack(0x0000002fd0c00000,0x0000002fd0d00000) (1024K)]
  0x00000229f77bca00 WatcherThread "VM Periodic Task Thread"        [id=3372, stack(0x0000002fd0b00000,0x0000002fd0c00000) (1024K)]
  0x00000229db975c10 WorkerThread "GC Thread#0"                     [id=21444, stack(0x0000002fd0a00000,0x0000002fd0b00000) (1024K)]
  0x00000229facba570 WorkerThread "GC Thread#1"                     [id=1896, stack(0x0000002fd1c00000,0x0000002fd1d00000) (1024K)]
  0x00000229faa4fd40 WorkerThread "GC Thread#2"                     [id=5872, stack(0x0000002fd1d00000,0x0000002fd1e00000) (1024K)]
  0x00000229faa500e0 WorkerThread "GC Thread#3"                     [id=14804, stack(0x0000002fd1e00000,0x0000002fd1f00000) (1024K)]
  0x00000229faa50890 WorkerThread "GC Thread#4"                     [id=18132, stack(0x0000002fd1f00000,0x0000002fd2000000) (1024K)]
  0x00000229faa50c30 WorkerThread "GC Thread#5"                     [id=12652, stack(0x0000002fd2000000,0x0000002fd2100000) (1024K)]
  0x00000229faa50fd0 WorkerThread "GC Thread#6"                     [id=5132, stack(0x0000002fd2100000,0x0000002fd2200000) (1024K)]
  0x00000229ff348970 WorkerThread "GC Thread#7"                     [id=19804, stack(0x0000002fd2400000,0x0000002fd2500000) (1024K)]
  0x00000229facdaaa0 WorkerThread "GC Thread#8"                     [id=15644, stack(0x0000002fd2800000,0x0000002fd2900000) (1024K)]
  0x00000229facdae40 WorkerThread "GC Thread#9"                     [id=8608, stack(0x0000002fd2900000,0x0000002fd2a00000) (1024K)]
  0x00000229facdb1e0 WorkerThread "GC Thread#10"                    [id=9744, stack(0x0000002fd2a00000,0x0000002fd2b00000) (1024K)]
  0x00000229facda700 WorkerThread "GC Thread#11"                    [id=20060, stack(0x0000002fd2200000,0x0000002fd2300000) (1024K)]
  0x00000229facda360 WorkerThread "GC Thread#12"                    [id=20844, stack(0x0000002fd2f00000,0x0000002fd3000000) (1024K)]
Total: 15

Threads with active compile tasks:
C2 CompilerThread1  9431657 21426   !   4       lombok.eclipse.TransformEclipseAST::getAST (64 bytes)
Total: 1

VM state: not at safepoint (normal execution)

VM Mutex/Monitor currently owned by a thread: None

Heap address: 0x0000000080000000, size: 2048 MB, Compressed Oops mode: 32-bit

CDS archive(s) mapped at: [0x0000022980000000-0x0000022980c80000-0x0000022980c80000), size 13107200, SharedBaseAddress: 0x0000022980000000, ArchiveRelocationMode: 1.
Compressed class space mapped at: 0x0000022981000000-0x00000229c1000000, reserved size: 1073741824
Narrow klass base: 0x0000022980000000, Narrow klass shift: 0, Narrow klass range: 0x100000000

GC Precious Log:
 CardTable entry size: 512
 CPUs: 16 total, 16 available
 Memory: 16016M
 Large Page Support: Disabled
 NUMA Support: Disabled
 Compressed Oops: Enabled (32-bit)
 Alignments: Space 512K, Generation 512K, Heap 2M
 Heap Min Capacity: 100M
 Heap Initial Capacity: 100M
 Heap Max Capacity: 2G
 Pre-touch: Disabled
 Parallel Workers: 13

Heap:
 PSYoungGen      total 6144K, used 3901K [0x00000000d5580000, 0x00000000d6200000, 0x0000000100000000)
  eden space 5632K, 60% used [0x00000000d5580000,0x00000000d58d6478,0x00000000d5b00000)
  from space 512K, 94% used [0x00000000d6180000,0x00000000d61f9210,0x00000000d6200000)
  to   space 1536K, 0% used [0x00000000d5f00000,0x00000000d5f00000,0x00000000d6080000)
 ParOldGen       total 937472K, used 937315K [0x0000000080000000, 0x00000000b9380000, 0x00000000d5580000)
  object space 937472K, 99% used [0x0000000080000000,0x00000000b9358ec8,0x00000000b9380000)
 Metaspace       used 78195K, committed 79616K, reserved 1179648K
  class space    used 7344K, committed 8000K, reserved 1048576K

Card table byte_map: [0x00000229db2f0000,0x00000229db700000] _byte_map_base: 0x00000229daef0000

Marking Bits: (ParMarkBitMap*) 0x00007ff9b71f3260
 Begin Bits: [0x00000229f32e0000, 0x00000229f52e0000)
 End Bits:   [0x00000229f52e0000, 0x00000229f72e0000)

Polling page: 0x00000229d97b0000

Metaspace:

Usage:
  Non-class:     69.19 MB used.
      Class:      7.17 MB used.
       Both:     76.36 MB used.

Virtual space:
  Non-class space:      128.00 MB reserved,      69.94 MB ( 55%) committed,  2 nodes.
      Class space:        1.00 GB reserved,       7.81 MB ( <1%) committed,  1 nodes.
             Both:        1.12 GB reserved,      77.75 MB (  7%) committed. 

Chunk freelists:
   Non-Class:  9.40 MB
       Class:  8.21 MB
        Both:  17.61 MB

MaxMetaspaceSize: unlimited
CompressedClassSpaceSize: 1.00 GB
Initial GC threshold: 21.00 MB
Current GC threshold: 122.94 MB
CDS: on
 - commit_granule_bytes: 65536.
 - commit_granule_words: 8192.
 - virtual_space_node_default_size: 8388608.
 - enlarge_chunks_in_place: 1.
 - use_allocation_guard: 0.


Internal statistics:

num_allocs_failed_limit: 9.
num_arena_births: 1678.
num_arena_deaths: 534.
num_vsnodes_births: 3.
num_vsnodes_deaths: 0.
num_space_committed: 1250.
num_space_uncommitted: 5.
num_chunks_returned_to_freelist: 711.
num_chunks_taken_from_freelist: 5639.
num_chunk_merges: 203.
num_chunk_splits: 3276.
num_chunks_enlarged: 1928.
num_inconsistent_stats: 0.

CodeHeap 'non-profiled nmethods': size=119168Kb used=17607Kb max_used=17607Kb free=101561Kb
 bounds [0x00000229ebbd0000, 0x00000229ecd10000, 0x00000229f3030000]
CodeHeap 'profiled nmethods': size=119104Kb used=38475Kb max_used=42353Kb free=80628Kb
 bounds [0x00000229e4030000, 0x00000229e69c0000, 0x00000229eb480000]
CodeHeap 'non-nmethods': size=7488Kb used=2036Kb max_used=3219Kb free=5452Kb
 bounds [0x00000229eb480000, 0x00000229eb7c0000, 0x00000229ebbd0000]
 total_blobs=17238 nmethods=16449 adapters=690
 compilation: enabled
              stopped_count=0, restarted_count=0
 full_count=0

Compilation events (20 events):
Event: 9431.298 Thread 0x00000229ff34af70 nmethod 21433 0x00000229ecce9710 code [0x00000229ecce98a0, 0x00000229ecce9968]
Event: 9431.298 Thread 0x00000229ff34af70 21447       1       org.eclipse.lsp4j.jsonrpc.messages.Either::getRight (5 bytes)
Event: 9431.298 Thread 0x00000229ff34af70 nmethod 21447 0x00000229ecce9a10 code [0x00000229ecce9ba0, 0x00000229ecce9c68]
Event: 9431.298 Thread 0x00000229ff34af70 21443       1       org.eclipse.jdt.core.dom.ASTVisitor::visit (2 bytes)
Event: 9431.298 Thread 0x00000229ff34af70 nmethod 21443 0x00000229ecce9d10 code [0x00000229ecce9ea0, 0x00000229ecce9f68]
Event: 9431.299 Thread 0x00000229ff34af70 21442       1       org.eclipse.jdt.core.dom.BodyDeclaration::getJavadoc (5 bytes)
Event: 9431.299 Thread 0x00000229ff34af70 nmethod 21442 0x00000229eccea010 code [0x00000229eccea1a0, 0x00000229eccea268]
Event: 9431.299 Thread 0x00000229ff34af70 21444       1       org.eclipse.jdt.core.dom.ASTVisitor::visit (2 bytes)
Event: 9431.299 Thread 0x00000229ff34af70 nmethod 21444 0x00000229eccea310 code [0x00000229eccea4a0, 0x00000229eccea568]
Event: 9431.299 Thread 0x00000229ff34af70 21445       1       org.eclipse.jdt.core.dom.ASTVisitor::visit (2 bytes)
Event: 9431.299 Thread 0x00000229ff34af70 nmethod 21445 0x00000229eccea610 code [0x00000229eccea7a0, 0x00000229eccea868]
Event: 9431.300 Thread 0x00000229f8ea9a40 nmethod 21429 0x00000229e579ea10 code [0x00000229e579f060, 0x00000229e57a3398]
Event: 9431.329 Thread 0x00000229ff34e5f0 nmethod 21417 0x00000229eccea910 code [0x00000229ecceaea0, 0x00000229ecced188]
Event: 9431.330 Thread 0x00000229ff34e5f0 21438       4       org.eclipse.jdt.internal.corext.dom.GenericVisitor::endVisitNode (1 bytes)
Event: 9431.330 Thread 0x00000229ff34e5f0 nmethod 21438 0x00000229eccf0910 code [0x00000229eccf0aa0, 0x00000229eccf0b28]
Event: 9431.330 Thread 0x00000229ff34e5f0 21426   !   4       lombok.eclipse.TransformEclipseAST::getAST (64 bytes)
Event: 9431.375 Thread 0x00000229ff34cab0 nmethod 21415 0x00000229eccf0c10 code [0x00000229eccf1360, 0x00000229eccf60c0]
Event: 9431.376 Thread 0x00000229ff34cab0 21446       4       org.eclipse.jdt.core.dom.ASTVisitor::endVisit (1 bytes)
Event: 9431.376 Thread 0x00000229ff34cab0 nmethod 21446 0x00000229eccf9d10 code [0x00000229eccf9ea0, 0x00000229eccf9f28]
Event: 9431.395 Thread 0x00000229f8e983e0 nmethod 21422 0x00000229eccfa010 code [0x00000229eccfa8c0, 0x00000229eccfe828]

GC Heap History (20 events):
Event: 9428.409 GC heap before
{Heap before GC invocations=2275 (full 7):
 PSYoungGen      total 6656K, used 6346K [0x00000000d5580000, 0x00000000d6400000, 0x0000000100000000)
  eden space 5632K, 100% used [0x00000000d5580000,0x00000000d5b00000,0x00000000d5b00000)
  from space 1024K, 69% used [0x00000000d6300000,0x00000000d63b2a70,0x00000000d6400000)
  to   space 1536K, 0% used [0x00000000d6100000,0x00000000d6100000,0x00000000d6280000)
 ParOldGen       total 932864K, used 932564K [0x0000000080000000, 0x00000000b8f00000, 0x00000000d5580000)
  object space 932864K, 99% used [0x0000000080000000,0x00000000b8eb5258,0x00000000b8f00000)
 Metaspace       used 76220K, committed 77760K, reserved 1179648K
  class space    used 7170K, committed 7936K, reserved 1048576K
}
Event: 9428.410 GC heap after
{Heap after GC invocations=2275 (full 7):
 PSYoungGen      total 7168K, used 918K [0x00000000d5580000, 0x00000000d6380000, 0x0000000100000000)
  eden space 5632K, 0% used [0x00000000d5580000,0x00000000d5580000,0x00000000d5b00000)
  from space 1536K, 59% used [0x00000000d6100000,0x00000000d61e58e0,0x00000000d6280000)
  to   space 1024K, 0% used [0x00000000d6280000,0x00000000d6280000,0x00000000d6380000)
 ParOldGen       total 933376K, used 932963K [0x0000000080000000, 0x00000000b8f80000, 0x00000000d5580000)
  object space 933376K, 99% used [0x0000000080000000,0x00000000b8f18d10,0x00000000b8f80000)
 Metaspace       used 76220K, committed 77760K, reserved 1179648K
  class space    used 7170K, committed 7936K, reserved 1048576K
}
Event: 9428.436 GC heap before
{Heap before GC invocations=2276 (full 7):
 PSYoungGen      total 7168K, used 6550K [0x00000000d5580000, 0x00000000d6380000, 0x0000000100000000)
  eden space 5632K, 100% used [0x00000000d5580000,0x00000000d5b00000,0x00000000d5b00000)
  from space 1536K, 59% used [0x00000000d6100000,0x00000000d61e58e0,0x00000000d6280000)
  to   space 1024K, 0% used [0x00000000d6280000,0x00000000d6280000,0x00000000d6380000)
 ParOldGen       total 933376K, used 932963K [0x0000000080000000, 0x00000000b8f80000, 0x00000000d5580000)
  object space 933376K, 99% used [0x0000000080000000,0x00000000b8f18d10,0x00000000b8f80000)
 Metaspace       used 76330K, committed 77888K, reserved 1179648K
  class space    used 7182K, committed 7936K, reserved 1048576K
}
Event: 9428.438 GC heap after
{Heap after GC invocations=2276 (full 7):
 PSYoungGen      total 6656K, used 1008K [0x00000000d5580000, 0x00000000d6380000, 0x0000000100000000)
  eden space 5632K, 0% used [0x00000000d5580000,0x00000000d5580000,0x00000000d5b00000)
  from space 1024K, 98% used [0x00000000d6280000,0x00000000d637c148,0x00000000d6380000)
  to   space 2048K, 0% used [0x00000000d5f80000,0x00000000d5f80000,0x00000000d6180000)
 ParOldGen       total 933888K, used 933681K [0x0000000080000000, 0x00000000b9000000, 0x00000000d5580000)
  object space 933888K, 99% used [0x0000000080000000,0x00000000b8fcc4a8,0x00000000b9000000)
 Metaspace       used 76330K, committed 77888K, reserved 1179648K
  class space    used 7182K, committed 7936K, reserved 1048576K
}
Event: 9428.498 GC heap before
{Heap before GC invocations=2277 (full 7):
 PSYoungGen      total 6656K, used 6624K [0x00000000d5580000, 0x00000000d6380000, 0x0000000100000000)
  eden space 5632K, 99% used [0x00000000d5580000,0x00000000d5afbf50,0x00000000d5b00000)
  from space 1024K, 98% used [0x00000000d6280000,0x00000000d637c148,0x00000000d6380000)
  to   space 2048K, 0% used [0x00000000d5f80000,0x00000000d5f80000,0x00000000d6180000)
 ParOldGen       total 933888K, used 933681K [0x0000000080000000, 0x00000000b9000000, 0x00000000d5580000)
  object space 933888K, 99% used [0x0000000080000000,0x00000000b8fcc4a8,0x00000000b9000000)
 Metaspace       used 76839K, committed 78336K, reserved 1179648K
  class space    used 7206K, committed 7936K, reserved 1048576K
}
Event: 9428.500 GC heap after
{Heap after GC invocations=2277 (full 7):
 PSYoungGen      total 7680K, used 544K [0x00000000d5580000, 0x00000000d6300000, 0x0000000100000000)
  eden space 5632K, 0% used [0x00000000d5580000,0x00000000d5580000,0x00000000d5b00000)
  from space 2048K, 26% used [0x00000000d5f80000,0x00000000d6008000,0x00000000d6180000)
  to   space 1024K, 0% used [0x00000000d6200000,0x00000000d6200000,0x00000000d6300000)
 ParOldGen       total 933888K, used 933849K [0x0000000080000000, 0x00000000b9000000, 0x00000000d5580000)
  object space 933888K, 99% used [0x0000000080000000,0x00000000b8ff64a8,0x00000000b9000000)
 Metaspace       used 76839K, committed 78336K, reserved 1179648K
  class space    used 7206K, committed 7936K, reserved 1048576K
}
Event: 9428.598 GC heap before
{Heap before GC invocations=2278 (full 7):
 PSYoungGen      total 7680K, used 6176K [0x00000000d5580000, 0x00000000d6300000, 0x0000000100000000)
  eden space 5632K, 100% used [0x00000000d5580000,0x00000000d5b00000,0x00000000d5b00000)
  from space 2048K, 26% used [0x00000000d5f80000,0x00000000d6008000,0x00000000d6180000)
  to   space 1024K, 0% used [0x00000000d6200000,0x00000000d6200000,0x00000000d6300000)
 ParOldGen       total 933888K, used 933849K [0x0000000080000000, 0x00000000b9000000, 0x00000000d5580000)
  object space 933888K, 99% used [0x0000000080000000,0x00000000b8ff64a8,0x00000000b9000000)
 Metaspace       used 77170K, committed 78656K, reserved 1179648K
  class space    used 7232K, committed 7936K, reserved 1048576K
}
Event: 9428.600 GC heap after
{Heap after GC invocations=2278 (full 7):
 PSYoungGen      total 6656K, used 1018K [0x00000000d5580000, 0x00000000d6300000, 0x0000000100000000)
  eden space 5632K, 0% used [0x00000000d5580000,0x00000000d5580000,0x00000000d5b00000)
  from space 1024K, 99% used [0x00000000d6200000,0x00000000d62fe920,0x00000000d6300000)
  to   space 1536K, 0% used [0x00000000d6000000,0x00000000d6000000,0x00000000d6180000)
 ParOldGen       total 934400K, used 934195K [0x0000000080000000, 0x00000000b9080000, 0x00000000d5580000)
  object space 934400K, 99% used [0x0000000080000000,0x00000000b904cda8,0x00000000b9080000)
 Metaspace       used 77170K, committed 78656K, reserved 1179648K
  class space    used 7232K, committed 7936K, reserved 1048576K
}
Event: 9428.613 GC heap before
{Heap before GC invocations=2279 (full 7):
 PSYoungGen      total 6656K, used 6650K [0x00000000d5580000, 0x00000000d6300000, 0x0000000100000000)
  eden space 5632K, 100% used [0x00000000d5580000,0x00000000d5b00000,0x00000000d5b00000)
  from space 1024K, 99% used [0x00000000d6200000,0x00000000d62fe920,0x00000000d6300000)
  to   space 1536K, 0% used [0x00000000d6000000,0x00000000d6000000,0x00000000d6180000)
 ParOldGen       total 934400K, used 934195K [0x0000000080000000, 0x00000000b9080000, 0x00000000d5580000)
  object space 934400K, 99% used [0x0000000080000000,0x00000000b904cda8,0x00000000b9080000)
 Metaspace       used 77171K, committed 78656K, reserved 1179648K
  class space    used 7232K, committed 7936K, reserved 1048576K
}
Event: 9428.615 GC heap after
{Heap after GC invocations=2279 (full 7):
 PSYoungGen      total 7168K, used 768K [0x00000000d5580000, 0x00000000d6280000, 0x0000000100000000)
  eden space 5632K, 0% used [0x00000000d5580000,0x00000000d5580000,0x00000000d5b00000)
  from space 1536K, 50% used [0x00000000d6000000,0x00000000d60c0000,0x00000000d6180000)
  to   space 1024K, 0% used [0x00000000d6180000,0x00000000d6180000,0x00000000d6280000)
 ParOldGen       total 935424K, used 935186K [0x0000000080000000, 0x00000000b9180000, 0x00000000d5580000)
  object space 935424K, 99% used [0x0000000080000000,0x00000000b9144a98,0x00000000b9180000)
 Metaspace       used 77171K, committed 78656K, reserved 1179648K
  class space    used 7232K, committed 7936K, reserved 1048576K
}
Event: 9428.728 GC heap before
{Heap before GC invocations=2280 (full 7):
 PSYoungGen      total 7168K, used 6355K [0x00000000d5580000, 0x00000000d6280000, 0x0000000100000000)
  eden space 5632K, 99% used [0x00000000d5580000,0x00000000d5af4fc0,0x00000000d5b00000)
  from space 1536K, 50% used [0x00000000d6000000,0x00000000d60c0000,0x00000000d6180000)
  to   space 1024K, 0% used [0x00000000d6180000,0x00000000d6180000,0x00000000d6280000)
 ParOldGen       total 935424K, used 935186K [0x0000000080000000, 0x00000000b9180000, 0x00000000d5580000)
  object space 935424K, 99% used [0x0000000080000000,0x00000000b9144a98,0x00000000b9180000)
 Metaspace       used 77884K, committed 79360K, reserved 1179648K
  class space    used 7310K, committed 8000K, reserved 1048576K
}
Event: 9428.729 GC heap after
{Heap after GC invocations=2280 (full 7):
 PSYoungGen      total 6656K, used 600K [0x00000000d5580000, 0x00000000d6280000, 0x0000000100000000)
  eden space 5632K, 0% used [0x00000000d5580000,0x00000000d5580000,0x00000000d5b00000)
  from space 1024K, 58% used [0x00000000d6180000,0x00000000d62160d8,0x00000000d6280000)
  to   space 1024K, 0% used [0x00000000d6080000,0x00000000d6080000,0x00000000d6180000)
 ParOldGen       total 935936K, used 935770K [0x0000000080000000, 0x00000000b9200000, 0x00000000d5580000)
  object space 935936K, 99% used [0x0000000080000000,0x00000000b91d6ab8,0x00000000b9200000)
 Metaspace       used 77884K, committed 79360K, reserved 1179648K
  class space    used 7310K, committed 8000K, reserved 1048576K
}
Event: 9428.856 GC heap before
{Heap before GC invocations=2281 (full 7):
 PSYoungGen      total 6656K, used 6232K [0x00000000d5580000, 0x00000000d6280000, 0x0000000100000000)
  eden space 5632K, 100% used [0x00000000d5580000,0x00000000d5b00000,0x00000000d5b00000)
  from space 1024K, 58% used [0x00000000d6180000,0x00000000d62160d8,0x00000000d6280000)
  to   space 1024K, 0% used [0x00000000d6080000,0x00000000d6080000,0x00000000d6180000)
 ParOldGen       total 935936K, used 935770K [0x0000000080000000, 0x00000000b9200000, 0x00000000d5580000)
  object space 935936K, 99% used [0x0000000080000000,0x00000000b91d6ab8,0x00000000b9200000)
 Metaspace       used 78048K, committed 79488K, reserved 1179648K
  class space    used 7335K, committed 8000K, reserved 1048576K
}
Event: 9428.858 GC heap after
{Heap after GC invocations=2281 (full 7):
 PSYoungGen      total 6656K, used 814K [0x00000000d5580000, 0x00000000d6200000, 0x0000000100000000)
  eden space 5632K, 0% used [0x00000000d5580000,0x00000000d5580000,0x00000000d5b00000)
  from space 1024K, 79% used [0x00000000d6080000,0x00000000d614bb00,0x00000000d6180000)
  to   space 512K, 0% used [0x00000000d6180000,0x00000000d6180000,0x00000000d6200000)
 ParOldGen       total 936448K, used 936138K [0x0000000080000000, 0x00000000b9280000, 0x00000000d5580000)
  object space 936448K, 99% used [0x0000000080000000,0x00000000b9232ab8,0x00000000b9280000)
 Metaspace       used 78048K, committed 79488K, reserved 1179648K
  class space    used 7335K, committed 8000K, reserved 1048576K
}
Event: 9428.880 GC heap before
{Heap before GC invocations=2282 (full 7):
 PSYoungGen      total 6656K, used 6446K [0x00000000d5580000, 0x00000000d6200000, 0x0000000100000000)
  eden space 5632K, 100% used [0x00000000d5580000,0x00000000d5b00000,0x00000000d5b00000)
  from space 1024K, 79% used [0x00000000d6080000,0x00000000d614bb00,0x00000000d6180000)
  to   space 512K, 0% used [0x00000000d6180000,0x00000000d6180000,0x00000000d6200000)
 ParOldGen       total 936448K, used 936138K [0x0000000080000000, 0x00000000b9280000, 0x00000000d5580000)
  object space 936448K, 99% used [0x0000000080000000,0x00000000b9232ab8,0x00000000b9280000)
 Metaspace       used 78104K, committed 79552K, reserved 1179648K
  class space    used 7338K, committed 8000K, reserved 1048576K
}
Event: 9428.882 GC heap after
{Heap after GC invocations=2282 (full 7):
 PSYoungGen      total 6144K, used 320K [0x00000000d5580000, 0x00000000d6200000, 0x0000000100000000)
  eden space 5632K, 0% used [0x00000000d5580000,0x00000000d5580000,0x00000000d5b00000)
  from space 512K, 62% used [0x00000000d6180000,0x00000000d61d0000,0x00000000d6200000)
  to   space 512K, 0% used [0x00000000d6100000,0x00000000d6100000,0x00000000d6180000)
 ParOldGen       total 936448K, used 936399K [0x0000000080000000, 0x00000000b9280000, 0x00000000d5580000)
  object space 936448K, 99% used [0x0000000080000000,0x00000000b9273cb8,0x00000000b9280000)
 Metaspace       used 78104K, committed 79552K, reserved 1179648K
  class space    used 7338K, committed 8000K, reserved 1048576K
}
Event: 9428.891 GC heap before
{Heap before GC invocations=2283 (full 7):
 PSYoungGen      total 6144K, used 5952K [0x00000000d5580000, 0x00000000d6200000, 0x0000000100000000)
  eden space 5632K, 100% used [0x00000000d5580000,0x00000000d5b00000,0x00000000d5b00000)
  from space 512K, 62% used [0x00000000d6180000,0x00000000d61d0000,0x00000000d6200000)
  to   space 512K, 0% used [0x00000000d6100000,0x00000000d6100000,0x00000000d6180000)
 ParOldGen       total 936448K, used 936399K [0x0000000080000000, 0x00000000b9280000, 0x00000000d5580000)
  object space 936448K, 99% used [0x0000000080000000,0x00000000b9273cb8,0x00000000b9280000)
 Metaspace       used 78104K, committed 79552K, reserved 1179648K
  class space    used 7338K, committed 8000K, reserved 1048576K
}
Event: 9428.893 GC heap after
{Heap after GC invocations=2283 (full 7):
 PSYoungGen      total 6144K, used 512K [0x00000000d5580000, 0x00000000d6200000, 0x0000000100000000)
  eden space 5632K, 0% used [0x00000000d5580000,0x00000000d5580000,0x00000000d5b00000)
  from space 512K, 100% used [0x00000000d6100000,0x00000000d6180000,0x00000000d6180000)
  to   space 512K, 0% used [0x00000000d6180000,0x00000000d6180000,0x00000000d6200000)
 ParOldGen       total 936960K, used 936675K [0x0000000080000000, 0x00000000b9300000, 0x00000000d5580000)
  object space 936960K, 99% used [0x0000000080000000,0x00000000b92b8ec8,0x00000000b9300000)
 Metaspace       used 78104K, committed 79552K, reserved 1179648K
  class space    used 7338K, committed 8000K, reserved 1048576K
}
Event: 9431.281 GC heap before
{Heap before GC invocations=2284 (full 7):
 PSYoungGen      total 6144K, used 6144K [0x00000000d5580000, 0x00000000d6200000, 0x0000000100000000)
  eden space 5632K, 100% used [0x00000000d5580000,0x00000000d5b00000,0x00000000d5b00000)
  from space 512K, 100% used [0x00000000d6100000,0x00000000d6180000,0x00000000d6180000)
  to   space 512K, 0% used [0x00000000d6180000,0x00000000d6180000,0x00000000d6200000)
 ParOldGen       total 936960K, used 936675K [0x0000000080000000, 0x00000000b9300000, 0x00000000d5580000)
  object space 936960K, 99% used [0x0000000080000000,0x00000000b92b8ec8,0x00000000b9300000)
 Metaspace       used 78165K, committed 79616K, reserved 1179648K
  class space    used 7344K, committed 8000K, reserved 1048576K
}
Event: 9431.282 GC heap after
{Heap after GC invocations=2284 (full 7):
 PSYoungGen      total 6144K, used 484K [0x00000000d5580000, 0x00000000d6200000, 0x0000000100000000)
  eden space 5632K, 0% used [0x00000000d5580000,0x00000000d5580000,0x00000000d5b00000)
  from space 512K, 94% used [0x00000000d6180000,0x00000000d61f9210,0x00000000d6200000)
  to   space 1536K, 0% used [0x00000000d5f00000,0x00000000d5f00000,0x00000000d6080000)
 ParOldGen       total 937472K, used 937315K [0x0000000080000000, 0x00000000b9380000, 0x00000000d5580000)
  object space 937472K, 99% used [0x0000000080000000,0x00000000b9358ec8,0x00000000b9380000)
 Metaspace       used 78165K, committed 79616K, reserved 1179648K
  class space    used 7344K, committed 8000K, reserved 1048576K
}

Dll operation events (11 events):
Event: 0.013 Loaded shared library C:\Program Files\Eclipse Adoptium\jdk-21.0.6.7-hotspot\bin\java.dll
Event: 0.041 Loaded shared library C:\Program Files\Eclipse Adoptium\jdk-21.0.6.7-hotspot\bin\jsvml.dll
Event: 0.083 Loaded shared library C:\Program Files\Eclipse Adoptium\jdk-21.0.6.7-hotspot\bin\zip.dll
Event: 0.088 Loaded shared library C:\Program Files\Eclipse Adoptium\jdk-21.0.6.7-hotspot\bin\instrument.dll
Event: 0.092 Loaded shared library C:\Program Files\Eclipse Adoptium\jdk-21.0.6.7-hotspot\bin\net.dll
Event: 0.095 Loaded shared library C:\Program Files\Eclipse Adoptium\jdk-21.0.6.7-hotspot\bin\nio.dll
Event: 0.098 Loaded shared library C:\Program Files\Eclipse Adoptium\jdk-21.0.6.7-hotspot\bin\zip.dll
Event: 0.111 Loaded shared library C:\Program Files\Eclipse Adoptium\jdk-21.0.6.7-hotspot\bin\jimage.dll
Event: 0.173 Loaded shared library C:\Program Files\Eclipse Adoptium\jdk-21.0.6.7-hotspot\bin\verify.dll
Event: 1.288 Loaded shared library C:\Users\phama\AppData\Roaming\Code\User\globalStorage\redhat.java\1.43.1\config_win\org.eclipse.equinox.launcher\org.eclipse.equinox.launcher.win32.win32.x86_64_1.2.1300.v20250331-1702\eclipse_11911.dll
Event: 3.047 Loaded shared library C:\Users\phama\AppData\Local\Temp\jna--1994083864\jna8515177636775560240.dll

Deoptimization events (20 events):
Event: 9428.868 Thread 0x00000229c42fae80 Uncommon trap: trap_request=0xffffff45 fr.pc=0x00000229ecb74a28 relative=0x0000000000000088
Event: 9428.868 Thread 0x00000229c42fae80 Uncommon trap: reason=unstable_if action=reinterpret pc=0x00000229ecb74a28 method=org.eclipse.jdt.internal.compiler.ast.CompilationUnitDeclaration.getMainTypeName()[C @ 7 c2
Event: 9428.868 Thread 0x00000229c42fae80 DEOPT PACKING pc=0x00000229ecb74a28 sp=0x0000002fd06fdf20
Event: 9428.868 Thread 0x00000229c42fae80 DEOPT UNPACKING pc=0x00000229eb4d3aa2 sp=0x0000002fd06fdea0 mode 2
Event: 9428.870 Thread 0x00000229c42fae80 Uncommon trap: trap_request=0xffffff45 fr.pc=0x00000229ec6d347c relative=0x00000000000001bc
Event: 9428.870 Thread 0x00000229c42fae80 Uncommon trap: reason=unstable_if action=reinterpret pc=0x00000229ec6d347c method=org.eclipse.jdt.internal.compiler.ast.CompilationUnitDeclaration.getMainTypeName()[C @ 7 c2
Event: 9428.870 Thread 0x00000229c42fae80 DEOPT PACKING pc=0x00000229ec6d347c sp=0x0000002fd06fe110
Event: 9428.870 Thread 0x00000229c42fae80 DEOPT UNPACKING pc=0x00000229eb4d3aa2 sp=0x0000002fd06fdfd0 mode 2
Event: 9428.902 Thread 0x00000229c42fae80 Uncommon trap: trap_request=0xffffff45 fr.pc=0x00000229ec8569a4 relative=0x00000000000005c4
Event: 9428.902 Thread 0x00000229c42fae80 Uncommon trap: reason=unstable_if action=reinterpret pc=0x00000229ec8569a4 method=java.lang.StringConcatHelper.prepend(J[BILjava/lang/String;)J @ 9 c2
Event: 9428.903 Thread 0x00000229c42fae80 DEOPT PACKING pc=0x00000229ec8569a4 sp=0x0000002fd06fe860
Event: 9428.903 Thread 0x00000229c42fae80 DEOPT UNPACKING pc=0x00000229eb4d3aa2 sp=0x0000002fd06fe828 mode 2
Event: 9431.277 Thread 0x00000229c42ff020 DEOPT PACKING pc=0x00000229e5a767f8 sp=0x0000002fd19fd8a0
Event: 9431.277 Thread 0x00000229c42ff020 DEOPT UNPACKING pc=0x00000229eb4d4242 sp=0x0000002fd19fcd28 mode 0
Event: 9431.279 Thread 0x00000229c42ff020 DEOPT PACKING pc=0x00000229e5a767f8 sp=0x0000002fd19fc5d0
Event: 9431.279 Thread 0x00000229c42ff020 DEOPT UNPACKING pc=0x00000229eb4d4242 sp=0x0000002fd19fba58 mode 0
Event: 9431.298 Thread 0x00000229c42ff020 Uncommon trap: trap_request=0xffffffde fr.pc=0x00000229ec01be18 relative=0x0000000000000078
Event: 9431.298 Thread 0x00000229c42ff020 Uncommon trap: reason=class_check action=maybe_recompile pc=0x00000229ec01be18 method=java.util.LinkedHashMap.afterNodeInsertion(Z)V @ 15 c2
Event: 9431.298 Thread 0x00000229c42ff020 DEOPT PACKING pc=0x00000229ec01be18 sp=0x0000002fd19fe820
Event: 9431.298 Thread 0x00000229c42ff020 DEOPT UNPACKING pc=0x00000229eb4d3aa2 sp=0x0000002fd19fe798 mode 2

Classes loaded (20 events):
Event: 9427.934 Loading class com/sun/crypto/provider/FeedbackCipher done
Event: 9427.934 Loading class com/sun/crypto/provider/ElectronicCodeBook done
Event: 9427.934 Loading class com/sun/crypto/provider/PKCS5Padding
Event: 9427.934 Loading class com/sun/crypto/provider/Padding
Event: 9427.934 Loading class com/sun/crypto/provider/Padding done
Event: 9427.934 Loading class com/sun/crypto/provider/PKCS5Padding done
Event: 9427.934 Loading class com/sun/crypto/provider/CipherBlockChaining
Event: 9427.934 Loading class com/sun/crypto/provider/CipherBlockChaining done
Event: 9427.935 Loading class javax/crypto/NullCipher
Event: 9427.935 Loading class javax/crypto/NullCipher done
Event: 9427.935 Loading class sun/security/util/ArrayUtil
Event: 9427.935 Loading class sun/security/util/ArrayUtil done
Event: 9427.952 Loading class java/util/zip/CheckedInputStream
Event: 9427.953 Loading class java/util/zip/CheckedInputStream done
Event: 9428.003 Loading class java/util/zip/GZIPInputStream$1
Event: 9428.004 Loading class java/util/zip/GZIPInputStream$1 done
Event: 9428.388 Loading class java/util/concurrent/CompletionException
Event: 9428.388 Loading class java/util/concurrent/CompletionException done
Event: 9428.582 Loading class jdk/internal/ref/CleanerImpl$InnocuousThreadFactory
Event: 9428.583 Loading class jdk/internal/ref/CleanerImpl$InnocuousThreadFactory done

Classes unloaded (20 events):
Event: 6903.926 Thread 0x00000229dba0eb90 Unloading class 0x00000229811b2000 'jdk/internal/reflect/GeneratedSerializationConstructorAccessor5'
Event: 6903.926 Thread 0x00000229dba0eb90 Unloading class 0x00000229811b3400 'jdk/internal/reflect/GeneratedSerializationConstructorAccessor4'
Event: 6903.926 Thread 0x00000229dba0eb90 Unloading class 0x00000229811b4800 'jdk/internal/reflect/GeneratedSerializationConstructorAccessor3'
Event: 6903.926 Thread 0x00000229dba0eb90 Unloading class 0x0000022981250c00 'jdk/internal/reflect/GeneratedSerializationConstructorAccessor2'
Event: 6903.926 Thread 0x00000229dba0eb90 Unloading class 0x0000022981250800 'jdk/internal/reflect/GeneratedSerializationConstructorAccessor1'
Event: 6903.926 Thread 0x00000229dba0eb90 Unloading class 0x00000229811f1c00 'java/lang/invoke/LambdaForm$MH+0x00000229811f1c00'
Event: 6903.926 Thread 0x00000229dba0eb90 Unloading class 0x00000229811f1800 'java/lang/invoke/LambdaForm$MH+0x00000229811f1800'
Event: 6903.926 Thread 0x00000229dba0eb90 Unloading class 0x00000229811f1400 'java/lang/invoke/LambdaForm$MH+0x00000229811f1400'
Event: 6903.926 Thread 0x00000229dba0eb90 Unloading class 0x00000229811e8400 'java/lang/invoke/LambdaForm$BMH+0x00000229811e8400'
Event: 6903.926 Thread 0x00000229dba0eb90 Unloading class 0x000002298115e800 'java/lang/invoke/LambdaForm$MH+0x000002298115e800'
Event: 6903.926 Thread 0x00000229dba0eb90 Unloading class 0x000002298115e000 'java/lang/invoke/LambdaForm$MH+0x000002298115e000'
Event: 6903.926 Thread 0x00000229dba0eb90 Unloading class 0x000002298115dc00 'java/lang/invoke/LambdaForm$MH+0x000002298115dc00'
Event: 6903.926 Thread 0x00000229dba0eb90 Unloading class 0x000002298115d800 'java/lang/invoke/LambdaForm$MH+0x000002298115d800'
Event: 6903.926 Thread 0x00000229dba0eb90 Unloading class 0x0000022981108000 'java/lang/invoke/LambdaForm$MH+0x0000022981108000'
Event: 6903.926 Thread 0x00000229dba0eb90 Unloading class 0x00000229810e5400 'java/lang/invoke/LambdaForm$MH+0x00000229810e5400'
Event: 6903.926 Thread 0x00000229dba0eb90 Unloading class 0x000002298101f800 'java/lang/invoke/LambdaForm$MH+0x000002298101f800'
Event: 6903.926 Thread 0x00000229dba0eb90 Unloading class 0x000002298101e800 'java/lang/invoke/LambdaForm$MH+0x000002298101e800'
Event: 6903.926 Thread 0x00000229dba0eb90 Unloading class 0x000002298101e400 'java/lang/invoke/LambdaForm$MH+0x000002298101e400'
Event: 6903.926 Thread 0x00000229dba0eb90 Unloading class 0x000002298101dc00 'java/lang/invoke/LambdaForm$MH+0x000002298101dc00'
Event: 6903.926 Thread 0x00000229dba0eb90 Unloading class 0x000002298101d400 'java/lang/invoke/LambdaForm$MH+0x000002298101d400'

Classes redefined (0 events):
No events

Internal exceptions (20 events):
Event: 8548.867 Thread 0x00000229c42fc230 Exception <a 'sun/nio/fs/WindowsException'{0x00000000d5d5d910}> (0x00000000d5d5d910) 
thrown [s\src\hotspot\share\prims\jni.cpp, line 520]
Event: 8584.123 Thread 0x00000229c42fc230 Exception <a 'sun/nio/fs/WindowsException'{0x00000000d6022510}> (0x00000000d6022510) 
thrown [s\src\hotspot\share\prims\jni.cpp, line 520]
Event: 8584.123 Thread 0x00000229c42fc230 Exception <a 'sun/nio/fs/WindowsException'{0x00000000d6022eb8}> (0x00000000d6022eb8) 
thrown [s\src\hotspot\share\prims\jni.cpp, line 520]
Event: 9139.118 Thread 0x00000229c42fc230 Exception <a 'sun/nio/fs/WindowsException'{0x00000000d5afd660}> (0x00000000d5afd660) 
thrown [s\src\hotspot\share\prims\jni.cpp, line 520]
Event: 9139.118 Thread 0x00000229c42fc230 Exception <a 'sun/nio/fs/WindowsException'{0x00000000d5afe008}> (0x00000000d5afe008) 
thrown [s\src\hotspot\share\prims\jni.cpp, line 520]
Event: 9427.857 Thread 0x00000229c2f99990 Exception <a 'java/lang/IncompatibleClassChangeError'{0x00000000d579ae80}: Found class java.lang.Object, but interface was expected> (0x00000000d579ae80) 
thrown [s\src\hotspot\share\interpreter\linkResolver.cpp, line 840]
Event: 9427.857 Thread 0x00000229c2f99990 Implicit null exception at 0x00000229ec6a66d4 to 0x00000229ec6a9314
Event: 9427.916 Thread 0x00000229c42ff020 Exception <a 'sun/nio/fs/WindowsException'{0x00000000d5c0b228}> (0x00000000d5c0b228) 
thrown [s\src\hotspot\share\prims\jni.cpp, line 520]
Event: 9427.936 Thread 0x00000229c2f99990 Exception <a 'java/lang/IncompatibleClassChangeError'{0x00000000d5fad820}: Found class java.lang.Object, but interface was expected> (0x00000000d5fad820) 
thrown [s\src\hotspot\share\interpreter\linkResolver.cpp, line 840]
Event: 9427.938 Thread 0x00000229c2f99990 Exception <a 'java/lang/IncompatibleClassChangeError'{0x00000000d5fd7150}: Found class java.lang.Object, but interface was expected> (0x00000000d5fd7150) 
thrown [s\src\hotspot\share\interpreter\linkResolver.cpp, line 840]
Event: 9427.938 Thread 0x00000229c2f99990 Implicit null exception at 0x00000229ebef42d1 to 0x00000229ebef4548
Event: 9427.940 Thread 0x00000229c2f99990 Exception <a 'java/lang/IncompatibleClassChangeError'{0x00000000d5fff970}: Found class java.lang.Object, but interface was expected> (0x00000000d5fff970) 
thrown [s\src\hotspot\share\interpreter\linkResolver.cpp, line 840]
Event: 9428.021 Thread 0x00000229c2f99990 Exception <a 'java/lang/IncompatibleClassChangeError'{0x00000000d5e54eb8}: Found class java.lang.Object, but interface was expected> (0x00000000d5e54eb8) 
thrown [s\src\hotspot\share\interpreter\linkResolver.cpp, line 840]
Event: 9428.240 Thread 0x00000229c42fae80 Exception <a 'java/lang/NoSuchMethodError'{0x00000000d59e5f90}: 'java.lang.Object java.lang.invoke.DirectMethodHandle$Holder.invokeSpecial(java.lang.Object, java.lang.Object, int, long)'> (0x00000000d59e5f90) 
thrown [s\src\hotspot\share\interpreter\linkResolver.cpp, line 773]
Event: 9428.255 Thread 0x00000229c42fe300 Exception <a 'java/lang/NoSuchMethodError'{0x00000000d5650b00}: 'java.lang.Object java.lang.invoke.DirectMethodHandle$Holder.invokeSpecial(java.lang.Object, java.lang.Object, java.lang.Object, java.lang.Object, int, java.lang.Object, java.lang.Object)'> (0x00000000d5650b00) 
thrown [s\src\hotspot\share\interpreter\linkResolver.cpp, line 773]
Event: 9428.255 Thread 0x00000229c42fdc70 Implicit null exception at 0x00000229ec900426 to 0x00000229ec900838
Event: 9428.270 Thread 0x00000229c42fb510 Exception <a 'java/lang/ArrayIndexOutOfBoundsException'{0x00000000d5953fa8}: Index 1982 out of bounds for length 1981> (0x00000000d5953fa8) 
thrown [s\src\hotspot\share\interpreter\interpreterRuntime.cpp, line 439]
Event: 9428.415 Thread 0x00000229c42ff6b0 Implicit null exception at 0x00000229ecad275a to 0x00000229ecad27b3
Event: 9428.699 Thread 0x00000229c42ff020 Exception <a 'java/lang/NoSuchMethodError'{0x00000000d598e440}: 'java.lang.Object java.lang.invoke.DirectMethodHandle$Holder.newInvokeSpecial(java.lang.Object, java.lang.Object, int, java.lang.Object, java.lang.Object, java.lang.Object, java.lang.Object)'> (0x00000000d598e440) 
thrown [s\src\hotspot\share\interpreter\linkResolver.cpp, line 773]
Event: 9428.902 Thread 0x00000229c42fae80 Implicit null exception at 0x00000229ec85649b to 0x00000229ec85698c

ZGC Phase Switch (0 events):
No events

VM Operations (20 events):
Event: 9428.418 Executing VM operation: HandshakeAllThreads (Deoptimize)
Event: 9428.418 Executing VM operation: HandshakeAllThreads (Deoptimize) done
Event: 9428.436 Executing VM operation: ParallelGCFailedAllocation (Allocation Failure)
Event: 9428.438 Executing VM operation: ParallelGCFailedAllocation (Allocation Failure) done
Event: 9428.498 Executing VM operation: ParallelGCFailedAllocation (Allocation Failure)
Event: 9428.500 Executing VM operation: ParallelGCFailedAllocation (Allocation Failure) done
Event: 9428.598 Executing VM operation: ParallelGCFailedAllocation (Allocation Failure)
Event: 9428.600 Executing VM operation: ParallelGCFailedAllocation (Allocation Failure) done
Event: 9428.613 Executing VM operation: ParallelGCFailedAllocation (Allocation Failure)
Event: 9428.615 Executing VM operation: ParallelGCFailedAllocation (Allocation Failure) done
Event: 9428.727 Executing VM operation: ParallelGCFailedAllocation (Allocation Failure)
Event: 9428.729 Executing VM operation: ParallelGCFailedAllocation (Allocation Failure) done
Event: 9428.856 Executing VM operation: ParallelGCFailedAllocation (Allocation Failure)
Event: 9428.858 Executing VM operation: ParallelGCFailedAllocation (Allocation Failure) done
Event: 9428.880 Executing VM operation: ParallelGCFailedAllocation (Allocation Failure)
Event: 9428.882 Executing VM operation: ParallelGCFailedAllocation (Allocation Failure) done
Event: 9428.891 Executing VM operation: ParallelGCFailedAllocation (Allocation Failure)
Event: 9428.893 Executing VM operation: ParallelGCFailedAllocation (Allocation Failure) done
Event: 9431.281 Executing VM operation: ParallelGCFailedAllocation (Allocation Failure)
Event: 9431.282 Executing VM operation: ParallelGCFailedAllocation (Allocation Failure) done

Memory protections (0 events):
No events

Nmethod flushes (20 events):
Event: 7724.414 Thread 0x00000229dba0eb90 flushing  nmethod 0x00000229e4f4ad10
Event: 7724.414 Thread 0x00000229dba0eb90 flushing  nmethod 0x00000229e514d910
Event: 7724.414 Thread 0x00000229dba0eb90 flushing  nmethod 0x00000229e548ea90
Event: 7724.414 Thread 0x00000229dba0eb90 flushing  nmethod 0x00000229e548ee90
Event: 7724.414 Thread 0x00000229dba0eb90 flushing  nmethod 0x00000229e5780210
Event: 7724.414 Thread 0x00000229dba0eb90 flushing  nmethod 0x00000229e57efc10
Event: 7724.414 Thread 0x00000229dba0eb90 flushing  nmethod 0x00000229e590ac90
Event: 7724.414 Thread 0x00000229dba0eb90 flushing  nmethod 0x00000229e5999b90
Event: 7724.414 Thread 0x00000229dba0eb90 flushing  nmethod 0x00000229e5d02c90
Event: 7724.414 Thread 0x00000229dba0eb90 flushing  nmethod 0x00000229e5db1110
Event: 7724.414 Thread 0x00000229dba0eb90 flushing  nmethod 0x00000229e5df4f90
Event: 7724.414 Thread 0x00000229dba0eb90 flushing  nmethod 0x00000229e5df7490
Event: 7724.414 Thread 0x00000229dba0eb90 flushing  nmethod 0x00000229e5df8310
Event: 7724.414 Thread 0x00000229dba0eb90 flushing  nmethod 0x00000229e5ff4090
Event: 7724.414 Thread 0x00000229dba0eb90 flushing  nmethod 0x00000229e61b4590
Event: 7724.414 Thread 0x00000229dba0eb90 flushing  nmethod 0x00000229e6369890
Event: 7724.414 Thread 0x00000229dba0eb90 flushing  nmethod 0x00000229e647c390
Event: 7724.414 Thread 0x00000229dba0eb90 flushing  nmethod 0x00000229e6487b90
Event: 7724.414 Thread 0x00000229dba0eb90 flushing  nmethod 0x00000229e65ddb10
Event: 7724.414 Thread 0x00000229dba0eb90 flushing  nmethod 0x00000229e660e290

Events (20 events):
Event: 9139.225 Thread 0x00000229c42fc230 Thread added: 0x00000229c42fae80
Event: 9199.234 Thread 0x00000229fa6807b0 Thread exited: 0x00000229fa6807b0
Event: 9427.837 Thread 0x00000229c2f99990 Thread added: 0x00000229c42fcf50
Event: 9427.847 Thread 0x00000229c2f99990 Thread added: 0x00000229c42fdc70
Event: 9427.848 Thread 0x00000229c2f99990 Thread added: 0x00000229c42fe300
Event: 9427.848 Thread 0x00000229c42fe300 Thread added: 0x00000229c42fb510
Event: 9427.871 Thread 0x00000229c42fcf50 Thread added: 0x00000229c42ff020
Event: 9427.942 Thread 0x00000229c2f99990 Thread added: 0x00000229c42ff6b0
Event: 9427.956 Thread 0x00000229f8ea9a40 Thread added: 0x00000229ff34e5f0
Event: 9427.978 Thread 0x00000229f8e983e0 Thread added: 0x00000229ff34cab0
Event: 9427.979 Thread 0x00000229f8e983e0 Thread added: 0x00000229ff34ecc0
Event: 9428.065 Thread 0x00000229c2f99990 Thread added: 0x00000229c42fe990
Event: 9428.170 Thread 0x00000229c42ff020 Thread exited: 0x00000229c42ff020
Event: 9428.237 Thread 0x00000229c2f99990 Thread added: 0x00000229c42ff020
Event: 9428.254 Thread 0x00000229c42fcf50 Thread added: 0x00000229c42ffd40
Event: 9428.268 Thread 0x00000229f8ea9a40 Thread added: 0x00000229ff34af70
Event: 9428.272 Thread 0x00000229f8ea9a40 Thread added: 0x00000229ff349430
Event: 9428.584 Thread 0x00000229c42ff020 Thread added: 0x00000229c4300a60
Event: 9428.843 Thread 0x00000229ff34ecc0 Thread exited: 0x00000229ff34ecc0
Event: 9431.271 Thread 0x00000229ff349430 Thread exited: 0x00000229ff349430


Dynamic libraries:
0x00007ff6d9950000 - 0x00007ff6d995e000 	C:\Program Files\Eclipse Adoptium\jdk-21.0.6.7-hotspot\bin\java.exe
0x00007ffa3a6b0000 - 0x00007ffa3a8c7000 	C:\Windows\SYSTEM32\ntdll.dll
0x00007ffa39520000 - 0x00007ffa395e4000 	C:\Windows\System32\KERNEL32.DLL
0x00007ffa37f60000 - 0x00007ffa38332000 	C:\Windows\System32\KERNELBASE.dll
0x00007ffa37870000 - 0x00007ffa37981000 	C:\Windows\System32\ucrtbase.dll
0x00007ffa1f930000 - 0x00007ffa1f948000 	C:\Program Files\Eclipse Adoptium\jdk-21.0.6.7-hotspot\bin\jli.dll
0x00007ffa0ed20000 - 0x00007ffa0ed3e000 	C:\Program Files\Eclipse Adoptium\jdk-21.0.6.7-hotspot\bin\VCRUNTIME140.dll
0x00007ffa39910000 - 0x00007ffa39ac1000 	C:\Windows\System32\USER32.dll
0x00007ffa37cc0000 - 0x00007ffa37ce6000 	C:\Windows\System32\win32u.dll
0x00007ffa39220000 - 0x00007ffa39249000 	C:\Windows\System32\GDI32.dll
0x00007ffa37e30000 - 0x00007ffa37f53000 	C:\Windows\System32\gdi32full.dll
0x00007ffa377a0000 - 0x00007ffa3783a000 	C:\Windows\System32\msvcp_win.dll
0x00007ffa36960000 - 0x00007ffa36bfb000 	C:\Windows\WinSxS\amd64_microsoft.windows.common-controls_6595b64144ccf1df_6.0.22621.5547_none_27104afb73855772\COMCTL32.dll
0x00007ffa39be0000 - 0x00007ffa39c87000 	C:\Windows\System32\msvcrt.dll
0x00007ffa38e40000 - 0x00007ffa38e71000 	C:\Windows\System32\IMM32.DLL
0x00007ffa1fa40000 - 0x00007ffa1fa4c000 	C:\Program Files\Eclipse Adoptium\jdk-21.0.6.7-hotspot\bin\vcruntime140_1.dll
0x00007ffa0e470000 - 0x00007ffa0e4fd000 	C:\Program Files\Eclipse Adoptium\jdk-21.0.6.7-hotspot\bin\msvcp140.dll
0x00007ff9b6540000 - 0x00007ff9b72d0000 	C:\Program Files\Eclipse Adoptium\jdk-21.0.6.7-hotspot\bin\server\jvm.dll
0x00007ffa3a450000 - 0x00007ffa3a501000 	C:\Windows\System32\ADVAPI32.dll
0x00007ffa39c90000 - 0x00007ffa39d38000 	C:\Windows\System32\sechost.dll
0x00007ffa37840000 - 0x00007ffa37868000 	C:\Windows\System32\bcrypt.dll
0x00007ffa393e0000 - 0x00007ffa394f4000 	C:\Windows\System32\RPCRT4.dll
0x00007ffa38340000 - 0x00007ffa383b1000 	C:\Windows\System32\WS2_32.dll
0x00007ffa37410000 - 0x00007ffa3745d000 	C:\Windows\SYSTEM32\POWRPROF.dll
0x00007ffa34370000 - 0x00007ffa3437a000 	C:\Windows\SYSTEM32\VERSION.dll
0x00007ffa2b670000 - 0x00007ffa2b6a4000 	C:\Windows\SYSTEM32\WINMM.dll
0x00007ffa373f0000 - 0x00007ffa37403000 	C:\Windows\SYSTEM32\UMPDC.dll
0x00007ffa35890000 - 0x00007ffa358a8000 	C:\Windows\SYSTEM32\kernel.appcore.dll
0x00007ffa1bd50000 - 0x00007ffa1bd5a000 	C:\Program Files\Eclipse Adoptium\jdk-21.0.6.7-hotspot\bin\jimage.dll
0x00007ffa36fd0000 - 0x00007ffa37203000 	C:\Windows\SYSTEM32\DBGHELP.DLL
0x00007ffa38e80000 - 0x00007ffa39213000 	C:\Windows\System32\combase.dll
0x00007ffa39300000 - 0x00007ffa393d7000 	C:\Windows\System32\OLEAUT32.dll
0x00007ffa36ee0000 - 0x00007ffa36f12000 	C:\Windows\SYSTEM32\dbgcore.DLL
0x00007ffa37cf0000 - 0x00007ffa37d6b000 	C:\Windows\System32\bcryptPrimitives.dll
0x00007ffa13590000 - 0x00007ffa1359f000 	C:\Program Files\Eclipse Adoptium\jdk-21.0.6.7-hotspot\bin\instrument.dll
0x00007ffa0ecd0000 - 0x00007ffa0ecef000 	C:\Program Files\Eclipse Adoptium\jdk-21.0.6.7-hotspot\bin\java.dll
0x00007ffa383c0000 - 0x00007ffa38c62000 	C:\Windows\System32\SHELL32.dll
0x00007ffa37b80000 - 0x00007ffa37cbf000 	C:\Windows\System32\wintypes.dll
0x00007ffa34760000 - 0x00007ffa3507d000 	C:\Windows\SYSTEM32\windows.storage.dll
0x00007ffa3a230000 - 0x00007ffa3a33c000 	C:\Windows\System32\SHCORE.dll
0x00007ffa39d40000 - 0x00007ffa39da9000 	C:\Windows\System32\shlwapi.dll
0x00007ffa376d0000 - 0x00007ffa376fb000 	C:\Windows\SYSTEM32\profapi.dll
0x00007ff9efc80000 - 0x00007ff9efd57000 	C:\Program Files\Eclipse Adoptium\jdk-21.0.6.7-hotspot\bin\jsvml.dll
0x00007ffa0e050000 - 0x00007ffa0e068000 	C:\Program Files\Eclipse Adoptium\jdk-21.0.6.7-hotspot\bin\zip.dll
0x00007ffa166f0000 - 0x00007ffa16700000 	C:\Program Files\Eclipse Adoptium\jdk-21.0.6.7-hotspot\bin\net.dll
0x00007ffa2d9c0000 - 0x00007ffa2daec000 	C:\Windows\SYSTEM32\WINHTTP.dll
0x00007ffa35e00000 - 0x00007ffa35e69000 	C:\Windows\system32\mswsock.dll
0x00007ffa0ecb0000 - 0x00007ffa0ecc6000 	C:\Program Files\Eclipse Adoptium\jdk-21.0.6.7-hotspot\bin\nio.dll
0x00007ffa0e200000 - 0x00007ffa0e210000 	C:\Program Files\Eclipse Adoptium\jdk-21.0.6.7-hotspot\bin\verify.dll
0x00007ffa2ef10000 - 0x00007ffa2ef55000 	C:\Users\phama\AppData\Roaming\Code\User\globalStorage\redhat.java\1.43.1\config_win\org.eclipse.equinox.launcher\org.eclipse.equinox.launcher.win32.win32.x86_64_1.2.1300.v20250331-1702\eclipse_11911.dll
0x00007ffa39700000 - 0x00007ffa398a0000 	C:\Windows\System32\ole32.dll
0x00007ffa37350000 - 0x00007ffa3736b000 	C:\Windows\SYSTEM32\CRYPTSP.dll
0x00007ffa357f0000 - 0x00007ffa35827000 	C:\Windows\system32\rsaenh.dll
0x00007ffa36790000 - 0x00007ffa367b8000 	C:\Windows\SYSTEM32\USERENV.dll
0x00007ffa367c0000 - 0x00007ffa367cc000 	C:\Windows\SYSTEM32\CRYPTBASE.dll
0x00007ffa352d0000 - 0x00007ffa352fd000 	C:\Windows\SYSTEM32\IPHLPAPI.DLL
0x00007ffa39b40000 - 0x00007ffa39b49000 	C:\Windows\System32\NSI.dll
0x00007ffa2ee70000 - 0x00007ffa2eeb9000 	C:\Users\phama\AppData\Local\Temp\jna--1994083864\jna8515177636775560240.dll
0x00007ffa39500000 - 0x00007ffa39508000 	C:\Windows\System32\PSAPI.DLL
0x00007ffa2c680000 - 0x00007ffa2c699000 	C:\Windows\SYSTEM32\dhcpcsvc6.DLL
0x00007ffa2c230000 - 0x00007ffa2c24f000 	C:\Windows\SYSTEM32\dhcpcsvc.DLL
0x00007ffa37210000 - 0x00007ffa37244000 	C:\Windows\SYSTEM32\ntmarta.dll

dbghelp: loaded successfully - version: 4.0.5 - missing functions: none
symbol engine: initialized successfully - sym options: 0x614 - pdb path: .;C:\Program Files\Eclipse Adoptium\jdk-21.0.6.7-hotspot\bin;C:\Windows\SYSTEM32;C:\Windows\WinSxS\amd64_microsoft.windows.common-controls_6595b64144ccf1df_6.0.22621.5547_none_27104afb73855772;C:\Program Files\Eclipse Adoptium\jdk-21.0.6.7-hotspot\bin\server;C:\Users\phama\AppData\Roaming\Code\User\globalStorage\redhat.java\1.43.1\config_win\org.eclipse.equinox.launcher\org.eclipse.equinox.launcher.win32.win32.x86_64_1.2.1300.v20250331-1702;C:\Users\phama\AppData\Local\Temp\jna--1994083864

VM Arguments:
jvm_args: --add-modules=ALL-SYSTEM --add-opens=java.base/java.util=ALL-UNNAMED --add-opens=java.base/java.lang=ALL-UNNAMED --add-opens=java.base/sun.nio.fs=ALL-UNNAMED -Declipse.application=org.eclipse.jdt.ls.core.id1 -Dosgi.bundles.defaultStartLevel=4 -Declipse.product=org.eclipse.jdt.ls.core.product -Djava.import.generatesMetadataFilesAtProjectRoot=false -DDetectVMInstallationsJob.disabled=true -Dfile.encoding=utf8 -XX:+UseParallelGC -XX:GCTimeRatio=4 -XX:AdaptiveSizePolicyWeight=90 -Dsun.zip.disableMemoryMapping=true -Xmx2G -Xms100m -Xlog:disable -javaagent:c:\Users\phama\.vscode\extensions\redhat.java-1.43.1-win32-x64\lombok\lombok-1.18.39-4050.jar -XX:+HeapDumpOnOutOfMemoryError -XX:HeapDumpPath=c:\Users\phama\AppData\Roaming\Code\User\workspaceStorage\63bd7f9b6fb32085f1115379c9f9dc11\redhat.java -Daether.dependencyCollector.impl=bf 
java_command: c:\Users\phama\.vscode\extensions\redhat.java-1.43.1-win32-x64\server\plugins\org.eclipse.equinox.launcher_1.7.0.v20250519-0528.jar -configuration c:\Users\phama\AppData\Roaming\Code\User\globalStorage\redhat.java\1.43.1\config_win -data c:\Users\phama\AppData\Roaming\Code\User\workspaceStorage\63bd7f9b6fb32085f1115379c9f9dc11\redhat.java\jdt_ws --pipe=\\.\pipe\lsp-66c726ac3f3a7df2a1ddc9af398e5f28-sock
java_class_path (initial): c:\Users\phama\.vscode\extensions\redhat.java-1.43.1-win32-x64\server\plugins\org.eclipse.equinox.launcher_1.7.0.v20250519-0528.jar
Launcher Type: SUN_STANDARD

[Global flags]
    uintx AdaptiveSizePolicyWeight                 = 90                                        {product} {command line}
     intx CICompilerCount                          = 12                                        {product} {ergonomic}
    uintx GCTimeRatio                              = 4                                         {product} {command line}
     bool HeapDumpOnOutOfMemoryError               = true                                   {manageable} {command line}
    ccstr HeapDumpPath                             = c:\Users\phama\AppData\Roaming\Code\User\workspaceStorage\63bd7f9b6fb32085f1115379c9f9dc11\redhat.java         {manageable} {command line}
   size_t InitialHeapSize                          = 104857600                                 {product} {command line}
   size_t MaxHeapSize                              = 2147483648                                {product} {command line}
   size_t MaxNewSize                               = 715653120                                 {product} {ergonomic}
   size_t MinHeapDeltaBytes                        = 524288                                    {product} {ergonomic}
   size_t MinHeapSize                              = 104857600                                 {product} {command line}
   size_t NewSize                                  = 34603008                                  {product} {ergonomic}
    uintx NonNMethodCodeHeapSize                   = 7602480                                {pd product} {ergonomic}
    uintx NonProfiledCodeHeapSize                  = 122027880                              {pd product} {ergonomic}
   size_t OldSize                                  = 70254592                                  {product} {ergonomic}
    uintx ProfiledCodeHeapSize                     = 122027880                              {pd product} {ergonomic}
    uintx ReservedCodeCacheSize                    = 251658240                              {pd product} {ergonomic}
     bool SegmentedCodeCache                       = true                                      {product} {ergonomic}
   size_t SoftMaxHeapSize                          = 2147483648                             {manageable} {ergonomic}
     bool UseCompressedOops                        = true                           {product lp64_product} {ergonomic}
     bool UseLargePagesIndividualAllocation        = false                                  {pd product} {ergonomic}
     bool UseParallelGC                            = true                                      {product} {command line}

Logging:
Log output configuration:
 #0: stdout all=off uptime,level,tags foldmultilines=false
 #1: stderr all=off uptime,level,tags foldmultilines=false

Environment Variables:
JAVA_HOME=C:\Program Files\Java\jdk-23
PATH=C:\Program Files\Common Files\Oracle\Java\javapath;C:\Program Files\Eclipse Adoptium\jdk-21.0.6.7-hotspot\bin;C:\Windows\system32;C:\Windows;C:\Windows\System32\Wbem;C:\Windows\System32\WindowsPowerShell\v1.0\;C:\Windows\System32\OpenSSH\;C:\Program Files (x86)\Common Files\Acronis\SnapAPI\;C:\Program Files (x86)\Common Files\Acronis\VirtualFile\;C:\Program Files (x86)\Common Files\Acronis\VirtualFile64\;C:\Program Files (x86)\Common Files\Acronis\FileProtector\;C:\Program Files (x86)\Common Files\Acronis\FileProtector64\;C:\mingw32\bin;C:\msys64\mingw64\bin;C:\Program Files (x86)\QuickTime\QTSystem\;C:\Program Files (x86)\Microsoft SQL Server\160\Tools\Binn\;C:\Program Files\Microsoft SQL Server\160\Tools\Binn\;C:\Program Files\Microsoft SQL Server\Client SDK\ODBC\170\Tools\Binn\;C:\Program Files\Microsoft SQL Server\160\DTS\Binn\;C:\Program Files (x86)\Microsoft SQL Server\160\DTS\Binn\;C:\Program Files\Azure Data Studio\bin;C:\Program Files\PuTTY\;C:\Program Files\Git\cmd;C:\Users\phama\AppData\Local\Programs\Python\Python311;C:\Users\phama\AppData\Local\Programs\Python\Python311\Scripts;C:\Program Files\Tesseract-OCR;C:\XAMPP2\php;C:\ProgramData\ComposerSetup\bin;%JAVA_HOME%\bin;C:\Program Files (x86)\NoteBook FanControl\;C:\Program Files\Cloudflare\Cloudflare WARP\;C:\Program Files\nodejs\;C:\apache-maven-3.9.10\bin;C:\Users\phama\AppData\Local\Microsoft\WindowsApps;C:\Users\phama\AppData\Local\Programs\Microsoft VS Code\bin;C:\Program Files\Azure Data Studio\bin;C:\Users\phama\AppData\Roaming\Composer\vendor\bin;C:\Program Files\JetBrains\IntelliJ IDEA 2024.3.2.2\bin;;C:\Users\phama\AppData\Local\GitHubDesktop\bin;C:\Users\phama\AppData\Roaming\npm
USERNAME=Mega.D
OS=Windows_NT
PROCESSOR_IDENTIFIER=Intel64 Family 6 Model 186 Stepping 2, GenuineIntel
TMP=C:\Users\phama\AppData\Local\Temp
TEMP=C:\Users\phama\AppData\Local\Temp




Periodic native trim disabled

---------------  S Y S T E M  ---------------

OS:
 Windows 11 , 64 bit Build 22621 (10.0.22621.5415)
OS uptime: 0 days 2:47 hours
Hyper-V role detected

CPU: total 16 (initial active 16) (8 cores per cpu, 2 threads per core) family 6 model 186 stepping 2 microcode 0x4122, cx8, cmov, fxsr, ht, mmx, 3dnowpref, sse, sse2, sse3, ssse3, sse4.1, sse4.2, popcnt, lzcnt, tsc, tscinvbit, avx, avx2, aes, erms, clmul, bmi1, bmi2, adx, sha, fma, vzeroupper, clflush, clflushopt, clwb, hv, serialize, rdtscp, rdpid, fsrm, f16c, cet_ibt, cet_ss
Processor Information for processor 0
  Max Mhz: 2600, Current Mhz: 2600, Mhz Limit: 2600
Processor Information for processor 1
  Max Mhz: 2600, Current Mhz: 2600, Mhz Limit: 2600
Processor Information for processor 2
  Max Mhz: 2600, Current Mhz: 2600, Mhz Limit: 2600
Processor Information for processor 3
  Max Mhz: 2600, Current Mhz: 2600, Mhz Limit: 2600
Processor Information for processor 4
  Max Mhz: 2600, Current Mhz: 2600, Mhz Limit: 2600
Processor Information for processor 5
  Max Mhz: 2600, Current Mhz: 2600, Mhz Limit: 2600
Processor Information for processor 6
  Max Mhz: 2600, Current Mhz: 2600, Mhz Limit: 2600
Processor Information for processor 7
  Max Mhz: 2600, Current Mhz: 2600, Mhz Limit: 2600
Processor Information for processor 8
  Max Mhz: 2600, Current Mhz: 1900, Mhz Limit: 1898
Processor Information for processor 9
  Max Mhz: 2600, Current Mhz: 1900, Mhz Limit: 1898
Processor Information for processor 10
  Max Mhz: 2600, Current Mhz: 1900, Mhz Limit: 1898
Processor Information for processor 11
  Max Mhz: 2600, Current Mhz: 1900, Mhz Limit: 1898
Processor Information for processor 12
  Max Mhz: 2600, Current Mhz: 1900, Mhz Limit: 1898
Processor Information for processor 13
  Max Mhz: 2600, Current Mhz: 1900, Mhz Limit: 1898
Processor Information for processor 14
  Max Mhz: 2600, Current Mhz: 1900, Mhz Limit: 1898
Processor Information for processor 15
  Max Mhz: 2600, Current Mhz: 1900, Mhz Limit: 1898

Memory: 4k page, system-wide physical 16016M (581M free)
TotalPageFile size 23959M (AvailPageFile size 0M)
current process WorkingSet (physical memory assigned to process): 1188M, peak: 1683M
current process commit charge ("private bytes"): 1322M, peak: 1777M

vm_info: OpenJDK 64-Bit Server VM (21.0.6+7-LTS) for windows-amd64 JRE (21.0.6+7-LTS), built on 2025-01-21T00:00:00Z by "admin" with MS VC++ 17.7 (VS2022)

END.
